# JRE version: OpenJDK Runtime Environment (8.0_242-b01) (build 1.8.0_242-release-1644-b01)
# Java VM: OpenJDK 64-Bit Server VM (25.242-b01 mixed mode windows-amd64 compressed oops)
Heap:
 PSYoungGen      total 245760K, used 87994K [0x00000000d5580000, 0x00000000e8b80000, 0x0000000100000000)
  eden space 225280K, 30% used [0x00000000d5580000,0x00000000d97a7c90,0x00000000e3180000)
  from space 20480K, 98% used [0x00000000e5900000,0x00000000e6cc6c10,0x00000000e6d00000)
  to   space 31232K, 0% used [0x00000000e6d00000,0x00000000e6d00000,0x00000000e8b80000)
 ParOldGen       total 220160K, used 72907K [0x0000000080000000, 0x000000008d700000, 0x00000000d5580000)
  object space 220160K, 33% used [0x0000000080000000,0x0000000084732c28,0x000000008d700000)
 Metaspace       used 89933K, capacity 95056K, committed 95272K, reserved 1132544K
  class space    used 11929K, capacity 12846K, committed 12848K, reserved 1048576K
GC Heap History (10 events):
Event: 23.119 GC heap before
{Heap before GC invocations=14 (full 3):
 PSYoungGen      total 219136K, used 201216K [0x00000000d5580000, 0x00000000e5f00000, 0x0000000100000000)
  eden space 201216K, 100% used [0x00000000d5580000,0x00000000e1a00000,0x00000000e1a00000)
  from space 17920K, 0% used [0x00000000e2d00000,0x00000000e2d00000,0x00000000e3e80000)
  to   space 19456K, 0% used [0x00000000e1a00000,0x00000000e1a00000,0x00000000e2d00000)
 ParOldGen       total 220160K, used 32244K [0x0000000080000000, 0x000000008d700000, 0x00000000d5580000)
  object space 220160K, 14% used [0x0000000080000000,0x0000000081f7d1f0,0x000000008d700000)
 Metaspace       used 63753K, capacity 66898K, committed 67112K, reserved 1107968K
  class space    used 8788K, capacity 9422K, committed 9520K, reserved 1048576K
Event: 23.139 GC heap after
Heap after GC invocations=14 (full 3):
 PSYoungGen      total 220672K, used 16851K [0x00000000d5580000, 0x00000000e6e00000, 0x0000000100000000)
  eden space 201216K, 0% used [0x00000000d5580000,0x00000000d5580000,0x00000000e1a00000)
  from space 19456K, 86% used [0x00000000e1a00000,0x00000000e2a74c48,0x00000000e2d00000)
  to   space 20992K, 0% used [0x00000000e5980000,0x00000000e5980000,0x00000000e6e00000)
 ParOldGen       total 220160K, used 32252K [0x0000000080000000, 0x000000008d700000, 0x00000000d5580000)
  object space 220160K, 14% used [0x0000000080000000,0x0000000081f7f1f0,0x000000008d700000)
 Metaspace       used 63753K, capacity 66898K, committed 67112K, reserved 1107968K
  class space    used 8788K, capacity 9422K, committed 9520K, reserved 1048576K
}
Event: 27.029 GC heap before
{Heap before GC invocations=15 (full 3):
 PSYoungGen      total 220672K, used 218067K [0x00000000d5580000, 0x00000000e6e00000, 0x0000000100000000)
  eden space 201216K, 100% used [0x00000000d5580000,0x00000000e1a00000,0x00000000e1a00000)
  from space 19456K, 86% used [0x00000000e1a00000,0x00000000e2a74c48,0x00000000e2d00000)
  to   space 20992K, 0% used [0x00000000e5980000,0x00000000e5980000,0x00000000e6e00000)
 ParOldGen       total 220160K, used 32252K [0x0000000080000000, 0x000000008d700000, 0x00000000d5580000)
  object space 220160K, 14% used [0x0000000080000000,0x0000000081f7f1f0,0x000000008d700000)
 Metaspace       used 78990K, capacity 83388K, committed 83496K, reserved 1120256K
  class space    used 10900K, capacity 11718K, committed 11824K, reserved 1048576K
Event: 27.070 GC heap after
Heap after GC invocations=15 (full 3):
 PSYoungGen      total 259072K, used 20982K [0x00000000d5580000, 0x00000000e7b80000, 0x0000000100000000)
  eden space 238080K, 0% used [0x00000000d5580000,0x00000000d5580000,0x00000000e3e00000)
  from space 20992K, 99% used [0x00000000e5980000,0x00000000e6dfd848,0x00000000e6e00000)
  to   space 28160K, 0% used [0x00000000e3e00000,0x00000000e3e00000,0x00000000e5980000)
 ParOldGen       total 220160K, used 45042K [0x0000000080000000, 0x000000008d700000, 0x00000000d5580000)
  object space 220160K, 20% used [0x0000000080000000,0x0000000082bfca98,0x000000008d700000)
 Metaspace       used 78990K, capacity 83388K, committed 83496K, reserved 1120256K
  class space    used 10900K, capacity 11718K, committed 11824K, reserved 1048576K
}
Event: 169.682 GC heap before
{Heap before GC invocations=16 (full 3):
 PSYoungGen      total 259072K, used 259062K [0x00000000d5580000, 0x00000000e7b80000, 0x0000000100000000)
  eden space 238080K, 100% used [0x00000000d5580000,0x00000000e3e00000,0x00000000e3e00000)
  from space 20992K, 99% used [0x00000000e5980000,0x00000000e6dfd848,0x00000000e6e00000)
  to   space 28160K, 0% used [0x00000000e3e00000,0x00000000e3e00000,0x00000000e5980000)
 ParOldGen       total 220160K, used 45042K [0x0000000080000000, 0x000000008d700000, 0x00000000d5580000)
  object space 220160K, 20% used [0x0000000080000000,0x0000000082bfca98,0x000000008d700000)
 Metaspace       used 87508K, capacity 92286K, committed 92456K, reserved 1128448K
  class space    used 11829K, capacity 12727K, committed 12848K, reserved 1048576K
Event: 169.716 GC heap after
Heap after GC invocations=16 (full 3):
 PSYoungGen      total 266240K, used 28154K [0x00000000d5580000, 0x00000000eae80000, 0x0000000100000000)
  eden space 238080K, 0% used [0x00000000d5580000,0x00000000d5580000,0x00000000e3e00000)
  from space 28160K, 99% used [0x00000000e3e00000,0x00000000e597eb48,0x00000000e5980000)
  to   space 36352K, 0% used [0x00000000e8b00000,0x00000000e8b00000,0x00000000eae80000)
 ParOldGen       total 220160K, used 56329K [0x0000000080000000, 0x000000008d700000, 0x00000000d5580000)
  object space 220160K, 25% used [0x0000000080000000,0x0000000083702438,0x000000008d700000)
 Metaspace       used 87508K, capacity 92286K, committed 92456K, reserved 1128448K
  class space    used 11829K, capacity 12727K, committed 12848K, reserved 1048576K
}
Event: 425.233 GC heap before
{Heap before GC invocations=17 (full 3):
 PSYoungGen      total 266240K, used 266234K [0x00000000d5580000, 0x00000000eae80000, 0x0000000100000000)
  eden space 238080K, 100% used [0x00000000d5580000,0x00000000e3e00000,0x00000000e3e00000)
  from space 28160K, 99% used [0x00000000e3e00000,0x00000000e597eb48,0x00000000e5980000)
  to   space 36352K, 0% used [0x00000000e8b00000,0x00000000e8b00000,0x00000000eae80000)
 ParOldGen       total 220160K, used 56329K [0x0000000080000000, 0x000000008d700000, 0x00000000d5580000)
  object space 220160K, 25% used [0x0000000080000000,0x0000000083702438,0x000000008d700000)
 Metaspace       used 88985K, capacity 93850K, committed 93992K, reserved 1130496K
  class space    used 11896K, capacity 12791K, committed 12848K, reserved 1048576K
Event: 425.275 GC heap after
Heap after GC invocations=17 (full 3):
 PSYoungGen      total 250880K, used 19213K [0x00000000d5580000, 0x00000000e9e00000, 0x0000000100000000)
  eden space 231424K, 0% used [0x00000000d5580000,0x00000000d5580000,0x00000000e3780000)
  from space 19456K, 98% used [0x00000000e8b00000,0x00000000e9dc3500,0x00000000e9e00000)
  to   space 35328K, 0% used [0x00000000e5900000,0x00000000e5900000,0x00000000e7b80000)
 ParOldGen       total 220160K, used 72899K [0x0000000080000000, 0x000000008d700000, 0x00000000d5580000)
  object space 220160K, 33% used [0x0000000080000000,0x0000000084730c28,0x000000008d700000)
 Metaspace       used 88985K, capacity 93850K, committed 93992K, reserved 1130496K
  class space    used 11896K, capacity 12791K, committed 12848K, reserved 1048576K
}
Event: 2441.279 GC heap before
{Heap before GC invocations=18 (full 3):
 PSYoungGen      total 250880K, used 250637K [0x00000000d5580000, 0x00000000e9e00000, 0x0000000100000000)
  eden space 231424K, 100% used [0x00000000d5580000,0x00000000e3780000,0x00000000e3780000)
  from space 19456K, 98% used [0x00000000e8b00000,0x00000000e9dc3500,0x00000000e9e00000)
  to   space 35328K, 0% used [0x00000000e5900000,0x00000000e5900000,0x00000000e7b80000)
 ParOldGen       total 220160K, used 72899K [0x0000000080000000, 0x000000008d700000, 0x00000000d5580000)
  object space 220160K, 33% used [0x0000000080000000,0x0000000084730c28,0x000000008d700000)
 Metaspace       used 89835K, capacity 94988K, committed 95016K, reserved 1132544K
  class space    used 11928K, capacity 12846K, committed 12848K, reserved 1048576K
Event: 2441.300 GC heap after
Heap after GC invocations=18 (full 3):
 PSYoungGen      total 245760K, used 20251K [0x00000000d5580000, 0x00000000e8b80000, 0x0000000100000000)
  eden space 225280K, 0% used [0x00000000d5580000,0x00000000d5580000,0x00000000e3180000)
  from space 20480K, 98% used [0x00000000e5900000,0x00000000e6cc6c10,0x00000000e6d00000)
  to   space 31232K, 0% used [0x00000000e6d00000,0x00000000e6d00000,0x00000000e8b80000)
 ParOldGen       total 220160K, used 72907K [0x0000000080000000, 0x000000008d700000, 0x00000000d5580000)
  object space 220160K, 33% used [0x0000000080000000,0x0000000084732c28,0x000000008d700000)
 Metaspace       used 89835K, capacity 94988K, committed 95016K, reserved 1132544K
  class space    used 11928K, capacity 12846K, committed 12848K, reserved 1048576K
}

