# JRE version: OpenJDK Runtime Environment (8.0_242-b01) (build 1.8.0_242-release-1644-b01)
# Java VM: OpenJDK 64-Bit Server VM (25.242-b01 mixed mode windows-amd64 compressed oops)
Heap:
 PSYoungGen      total 408064K, used 319319K [0x00000000d5580000, 0x00000000f1200000, 0x0000000100000000)
  eden space 379392K, 76% used [0x00000000d5580000,0x00000000e71597e0,0x00000000ec800000)
  from space 28672K, 99% used [0x00000000eef80000,0x00000000f0b7c590,0x00000000f0b80000)
  to   space 37888K, 0% used [0x00000000ec800000,0x00000000ec800000,0x00000000eed00000)
 ParOldGen       total 211968K, used 53646K [0x0000000080000000, 0x000000008cf00000, 0x00000000d5580000)
  object space 211968K, 25% used [0x0000000080000000,0x0000000083463b38,0x000000008cf00000)
 Metaspace       used 88722K, capacity 93750K, committed 93992K, reserved 1130496K
  class space    used 11846K, capacity 12767K, committed 12848K, reserved 1048576K
GC Heap History (10 events):
Event: 4.329 GC heap before
{Heap before GC invocations=9 (full 2):
 PSYoungGen      total 233984K, used 218112K [0x00000000d5580000, 0x00000000e4d80000, 0x0000000100000000)
  eden space 218112K, 100% used [0x00000000d5580000,0x00000000e2a80000,0x00000000e2a80000)
  from space 15872K, 0% used [0x00000000e3980000,0x00000000e3980000,0x00000000e4900000)
  to   space 15360K, 0% used [0x00000000e2a80000,0x00000000e2a80000,0x00000000e3980000)
 ParOldGen       total 139776K, used 14624K [0x0000000080000000, 0x0000000088880000, 0x00000000d5580000)
  object space 139776K, 10% used [0x0000000080000000,0x0000000080e48038,0x0000000088880000)
 Metaspace       used 45607K, capacity 47508K, committed 47784K, reserved 1091584K
  class space    used 6175K, capacity 6554K, committed 6576K, reserved 1048576K
Event: 4.343 GC heap after
Heap after GC invocations=9 (full 2):
 PSYoungGen      total 233472K, used 15340K [0x00000000d5580000, 0x00000000ebd00000, 0x0000000100000000)
  eden space 218112K, 0% used [0x00000000d5580000,0x00000000d5580000,0x00000000e2a80000)
  from space 15360K, 99% used [0x00000000e2a80000,0x00000000e397b170,0x00000000e3980000)
  to   space 18432K, 0% used [0x00000000eab00000,0x00000000eab00000,0x00000000ebd00000)
 ParOldGen       total 139776K, used 16601K [0x0000000080000000, 0x0000000088880000, 0x00000000d5580000)
  object space 139776K, 11% used [0x0000000080000000,0x00000000810366f8,0x0000000088880000)
 Metaspace       used 45607K, capacity 47508K, committed 47784K, reserved 1091584K
  class space    used 6175K, capacity 6554K, committed 6576K, reserved 1048576K
}
Event: 5.450 GC heap before
{Heap before GC invocations=10 (full 2):
 PSYoungGen      total 233472K, used 144821K [0x00000000d5580000, 0x00000000ebd00000, 0x0000000100000000)
  eden space 218112K, 59% used [0x00000000d5580000,0x00000000dd3f2648,0x00000000e2a80000)
  from space 15360K, 99% used [0x00000000e2a80000,0x00000000e397b170,0x00000000e3980000)
  to   space 18432K, 0% used [0x00000000eab00000,0x00000000eab00000,0x00000000ebd00000)
 ParOldGen       total 139776K, used 16601K [0x0000000080000000, 0x0000000088880000, 0x00000000d5580000)
  object space 139776K, 11% used [0x0000000080000000,0x00000000810366f8,0x0000000088880000)
 Metaspace       used 56641K, capacity 58976K, committed 59160K, reserved 1099776K
  class space    used 7755K, capacity 8245K, committed 8368K, reserved 1048576K
Event: 5.468 GC heap after
Heap after GC invocations=10 (full 2):
 PSYoungGen      total 344064K, used 18401K [0x00000000d5580000, 0x00000000ec280000, 0x0000000100000000)
  eden space 325632K, 0% used [0x00000000d5580000,0x00000000d5580000,0x00000000e9380000)
  from space 18432K, 99% used [0x00000000eab00000,0x00000000ebcf8718,0x00000000ebd00000)
  to   space 24064K, 0% used [0x00000000e9380000,0x00000000e9380000,0x00000000eab00000)
 ParOldGen       total 139776K, used 23174K [0x0000000080000000, 0x0000000088880000, 0x00000000d5580000)
  object space 139776K, 16% used [0x0000000080000000,0x00000000816a1b00,0x0000000088880000)
 Metaspace       used 56641K, capacity 58976K, committed 59160K, reserved 1099776K
  class space    used 7755K, capacity 8245K, committed 8368K, reserved 1048576K
}
Event: 5.468 GC heap before
{Heap before GC invocations=11 (full 3):
 PSYoungGen      total 344064K, used 18401K [0x00000000d5580000, 0x00000000ec280000, 0x0000000100000000)
  eden space 325632K, 0% used [0x00000000d5580000,0x00000000d5580000,0x00000000e9380000)
  from space 18432K, 99% used [0x00000000eab00000,0x00000000ebcf8718,0x00000000ebd00000)
  to   space 24064K, 0% used [0x00000000e9380000,0x00000000e9380000,0x00000000eab00000)
 ParOldGen       total 139776K, used 23174K [0x0000000080000000, 0x0000000088880000, 0x00000000d5580000)
  object space 139776K, 16% used [0x0000000080000000,0x00000000816a1b00,0x0000000088880000)
 Metaspace       used 56641K, capacity 58976K, committed 59160K, reserved 1099776K
  class space    used 7755K, capacity 8245K, committed 8368K, reserved 1048576K
Event: 5.648 GC heap after
Heap after GC invocations=11 (full 3):
 PSYoungGen      total 344064K, used 0K [0x00000000d5580000, 0x00000000ec280000, 0x0000000100000000)
  eden space 325632K, 0% used [0x00000000d5580000,0x00000000d5580000,0x00000000e9380000)
  from space 18432K, 0% used [0x00000000eab00000,0x00000000eab00000,0x00000000ebd00000)
  to   space 24064K, 0% used [0x00000000e9380000,0x00000000e9380000,0x00000000eab00000)
 ParOldGen       total 211968K, used 36773K [0x0000000080000000, 0x000000008cf00000, 0x00000000d5580000)
  object space 211968K, 17% used [0x0000000080000000,0x00000000823e9508,0x000000008cf00000)
 Metaspace       used 56605K, capacity 58856K, committed 59160K, reserved 1099776K
  class space    used 7745K, capacity 8225K, committed 8368K, reserved 1048576K
}
Event: 8.053 GC heap before
{Heap before GC invocations=12 (full 3):
 PSYoungGen      total 344064K, used 325629K [0x00000000d5580000, 0x00000000ec280000, 0x0000000100000000)
  eden space 325632K, 99% used [0x00000000d5580000,0x00000000e937f7a0,0x00000000e9380000)
  from space 18432K, 0% used [0x00000000eab00000,0x00000000eab00000,0x00000000ebd00000)
  to   space 24064K, 0% used [0x00000000e9380000,0x00000000e9380000,0x00000000eab00000)
 ParOldGen       total 211968K, used 36773K [0x0000000080000000, 0x000000008cf00000, 0x00000000d5580000)
  object space 211968K, 17% used [0x0000000080000000,0x00000000823e9508,0x000000008cf00000)
 Metaspace       used 70143K, capacity 73668K, committed 73768K, reserved 1112064K
  class space    used 9562K, capacity 10252K, committed 10288K, reserved 1048576K
Event: 8.085 GC heap after
Heap after GC invocations=12 (full 3):
 PSYoungGen      total 349696K, used 24049K [0x00000000d5580000, 0x00000000f0b80000, 0x0000000100000000)
  eden space 325632K, 0% used [0x00000000d5580000,0x00000000d5580000,0x00000000e9380000)
  from space 24064K, 99% used [0x00000000e9380000,0x00000000eaafc5a0,0x00000000eab00000)
  to   space 28672K, 0% used [0x00000000eef80000,0x00000000eef80000,0x00000000f0b80000)
 ParOldGen       total 211968K, used 40173K [0x0000000080000000, 0x000000008cf00000, 0x00000000d5580000)
  object space 211968K, 18% used [0x0000000080000000,0x000000008273b560,0x000000008cf00000)
 Metaspace       used 70143K, capacity 73668K, committed 73768K, reserved 1112064K
  class space    used 9562K, capacity 10252K, committed 10288K, reserved 1048576K
}
Event: 1895.038 GC heap before
{Heap before GC invocations=13 (full 3):
 PSYoungGen      total 349696K, used 349681K [0x00000000d5580000, 0x00000000f0b80000, 0x0000000100000000)
  eden space 325632K, 100% used [0x00000000d5580000,0x00000000e9380000,0x00000000e9380000)
  from space 24064K, 99% used [0x00000000e9380000,0x00000000eaafc5a0,0x00000000eab00000)
  to   space 28672K, 0% used [0x00000000eef80000,0x00000000eef80000,0x00000000f0b80000)
 ParOldGen       total 211968K, used 40173K [0x0000000080000000, 0x000000008cf00000, 0x00000000d5580000)
  object space 211968K, 18% used [0x0000000080000000,0x000000008273b560,0x000000008cf00000)
 Metaspace       used 87432K, capacity 92330K, committed 92712K, reserved 1128448K
  class space    used 11814K, capacity 12721K, committed 12848K, reserved 1048576K
Event: 1895.071 GC heap after
Heap after GC invocations=13 (full 3):
 PSYoungGen      total 408064K, used 28657K [0x00000000d5580000, 0x00000000f1200000, 0x0000000100000000)
  eden space 379392K, 0% used [0x00000000d5580000,0x00000000d5580000,0x00000000ec800000)
  from space 28672K, 99% used [0x00000000eef80000,0x00000000f0b7c590,0x00000000f0b80000)
  to   space 37888K, 0% used [0x00000000ec800000,0x00000000ec800000,0x00000000eed00000)
 ParOldGen       total 211968K, used 53646K [0x0000000080000000, 0x000000008cf00000, 0x00000000d5580000)
  object space 211968K, 25% used [0x0000000080000000,0x0000000083463b38,0x000000008cf00000)
 Metaspace       used 87432K, capacity 92330K, committed 92712K, reserved 1128448K
  class space    used 11814K, capacity 12721K, committed 12848K, reserved 1048576K
}

