# JRE version: OpenJDK Runtime Environment (8.0_242-b01) (build 1.8.0_242-release-1644-b01)
# Java VM: OpenJDK 64-Bit Server VM (25.242-b01 mixed mode windows-amd64 compressed oops)
Heap:
 PSYoungGen      total 337920K, used 19446K [0x00000000d5580000, 0x00000000ebe80000, 0x0000000100000000)
  eden space 318464K, 0% used [0x00000000d5580000,0x00000000d5580000,0x00000000e8c80000)
  from space 19456K, 99% used [0x00000000ea480000,0x00000000eb77db40,0x00000000eb780000)
  to   space 24576K, 0% used [0x00000000e8c80000,0x00000000e8c80000,0x00000000ea480000)
 ParOldGen       total 141824K, used 24260K [0x0000000080000000, 0x0000000088a80000, 0x00000000d5580000)
  object space 141824K, 17% used [0x0000000080000000,0x00000000817b1058,0x0000000088a80000)
 Metaspace       used 56535K, capacity 58988K, committed 59160K, reserved 1099776K
  class space    used 7706K, capacity 8255K, committed 8368K, reserved 1048576K
GC Heap History (10 events):
Event: 2.900 GC heap after
Heap after GC invocations=6 (full 1):
 PSYoungGen      total 140800K, used 10727K [0x00000000d5580000, 0x00000000e4600000, 0x0000000100000000)
  eden space 130048K, 0% used [0x00000000d5580000,0x00000000d5580000,0x00000000dd480000)
  from space 10752K, 99% used [0x00000000dd480000,0x00000000ddef9c10,0x00000000ddf00000)
  to   space 15872K, 0% used [0x00000000e3680000,0x00000000e3680000,0x00000000e4600000)
 ParOldGen       total 93696K, used 10458K [0x0000000080000000, 0x0000000085b80000, 0x00000000d5580000)
  object space 93696K, 11% used [0x0000000080000000,0x0000000080a36b58,0x0000000085b80000)
 Metaspace       used 32714K, capacity 33748K, committed 33968K, reserved 1079296K
  class space    used 4470K, capacity 4718K, committed 4784K, reserved 1048576K
}
Event: 3.070 GC heap before
{Heap before GC invocations=7 (full 1):
 PSYoungGen      total 140800K, used 40325K [0x00000000d5580000, 0x00000000e4600000, 0x0000000100000000)
  eden space 130048K, 22% used [0x00000000d5580000,0x00000000d7267ae8,0x00000000dd480000)
  from space 10752K, 99% used [0x00000000dd480000,0x00000000ddef9c10,0x00000000ddf00000)
  to   space 15872K, 0% used [0x00000000e3680000,0x00000000e3680000,0x00000000e4600000)
 ParOldGen       total 93696K, used 10458K [0x0000000080000000, 0x0000000085b80000, 0x00000000d5580000)
  object space 93696K, 11% used [0x0000000080000000,0x0000000080a36b58,0x0000000085b80000)
 Metaspace       used 34259K, capacity 35398K, committed 35496K, reserved 1079296K
  class space    used 4714K, capacity 5002K, committed 5040K, reserved 1048576K
Event: 3.078 GC heap after
Heap after GC invocations=7 (full 1):
 PSYoungGen      total 230912K, used 8168K [0x00000000d5580000, 0x00000000e4b00000, 0x0000000100000000)
  eden space 215040K, 0% used [0x00000000d5580000,0x00000000d5580000,0x00000000e2780000)
  from space 15872K, 51% used [0x00000000e3680000,0x00000000e3e7a190,0x00000000e4600000)
  to   space 15360K, 0% used [0x00000000e2780000,0x00000000e2780000,0x00000000e3680000)
 ParOldGen       total 93696K, used 10466K [0x0000000080000000, 0x0000000085b80000, 0x00000000d5580000)
  object space 93696K, 11% used [0x0000000080000000,0x0000000080a38b58,0x0000000085b80000)
 Metaspace       used 34259K, capacity 35398K, committed 35496K, reserved 1079296K
  class space    used 4714K, capacity 5002K, committed 5040K, reserved 1048576K
}
Event: 3.078 GC heap before
{Heap before GC invocations=8 (full 2):
 PSYoungGen      total 230912K, used 8168K [0x00000000d5580000, 0x00000000e4b00000, 0x0000000100000000)
  eden space 215040K, 0% used [0x00000000d5580000,0x00000000d5580000,0x00000000e2780000)
  from space 15872K, 51% used [0x00000000e3680000,0x00000000e3e7a190,0x00000000e4600000)
  to   space 15360K, 0% used [0x00000000e2780000,0x00000000e2780000,0x00000000e3680000)
 ParOldGen       total 93696K, used 10466K [0x0000000080000000, 0x0000000085b80000, 0x00000000d5580000)
  object space 93696K, 11% used [0x0000000080000000,0x0000000080a38b58,0x0000000085b80000)
 Metaspace       used 34259K, capacity 35398K, committed 35496K, reserved 1079296K
  class space    used 4714K, capacity 5002K, committed 5040K, reserved 1048576K
Event: 3.119 GC heap after
Heap after GC invocations=8 (full 2):
 PSYoungGen      total 230912K, used 0K [0x00000000d5580000, 0x00000000e4b00000, 0x0000000100000000)
  eden space 215040K, 0% used [0x00000000d5580000,0x00000000d5580000,0x00000000e2780000)
  from space 15872K, 0% used [0x00000000e3680000,0x00000000e3680000,0x00000000e4600000)
  to   space 15360K, 0% used [0x00000000e2780000,0x00000000e2780000,0x00000000e3680000)
 ParOldGen       total 141824K, used 14611K [0x0000000080000000, 0x0000000088a80000, 0x00000000d5580000)
  object space 141824K, 10% used [0x0000000080000000,0x0000000080e44c58,0x0000000088a80000)
 Metaspace       used 34259K, capacity 35398K, committed 35496K, reserved 1079296K
  class space    used 4714K, capacity 5002K, committed 5040K, reserved 1048576K
}
Event: 4.274 GC heap before
{Heap before GC invocations=9 (full 2):
 PSYoungGen      total 230912K, used 215040K [0x00000000d5580000, 0x00000000e4b00000, 0x0000000100000000)
  eden space 215040K, 100% used [0x00000000d5580000,0x00000000e2780000,0x00000000e2780000)
  from space 15872K, 0% used [0x00000000e3680000,0x00000000e3680000,0x00000000e4600000)
  to   space 15360K, 0% used [0x00000000e2780000,0x00000000e2780000,0x00000000e3680000)
 ParOldGen       total 141824K, used 14611K [0x0000000080000000, 0x0000000088a80000, 0x00000000d5580000)
  object space 141824K, 10% used [0x0000000080000000,0x0000000080e44c58,0x0000000088a80000)
 Metaspace       used 45355K, capacity 47164K, committed 47528K, reserved 1089536K
  class space    used 6141K, capacity 6524K, committed 6576K, reserved 1048576K
Event: 4.288 GC heap after
Heap after GC invocations=9 (full 2):
 PSYoungGen      total 230400K, used 15329K [0x00000000d5580000, 0x00000000eb780000, 0x0000000100000000)
  eden space 215040K, 0% used [0x00000000d5580000,0x00000000d5580000,0x00000000e2780000)
  from space 15360K, 99% used [0x00000000e2780000,0x00000000e36787f8,0x00000000e3680000)
  to   space 19456K, 0% used [0x00000000ea480000,0x00000000ea480000,0x00000000eb780000)
 ParOldGen       total 141824K, used 18913K [0x0000000080000000, 0x0000000088a80000, 0x00000000d5580000)
  object space 141824K, 13% used [0x0000000080000000,0x0000000081278468,0x0000000088a80000)
 Metaspace       used 45355K, capacity 47164K, committed 47528K, reserved 1089536K
  class space    used 6141K, capacity 6524K, committed 6576K, reserved 1048576K
}
Event: 5.406 GC heap before
{Heap before GC invocations=10 (full 2):
 PSYoungGen      total 230400K, used 157849K [0x00000000d5580000, 0x00000000eb780000, 0x0000000100000000)
  eden space 215040K, 66% used [0x00000000d5580000,0x00000000de0ade68,0x00000000e2780000)
  from space 15360K, 99% used [0x00000000e2780000,0x00000000e36787f8,0x00000000e3680000)
  to   space 19456K, 0% used [0x00000000ea480000,0x00000000ea480000,0x00000000eb780000)
 ParOldGen       total 141824K, used 18913K [0x0000000080000000, 0x0000000088a80000, 0x00000000d5580000)
  object space 141824K, 13% used [0x0000000080000000,0x0000000081278468,0x0000000088a80000)
 Metaspace       used 56535K, capacity 58988K, committed 59160K, reserved 1099776K
  class space    used 7706K, capacity 8255K, committed 8368K, reserved 1048576K
Event: 5.428 GC heap after
Heap after GC invocations=10 (full 2):
 PSYoungGen      total 337920K, used 19446K [0x00000000d5580000, 0x00000000ebe80000, 0x0000000100000000)
  eden space 318464K, 0% used [0x00000000d5580000,0x00000000d5580000,0x00000000e8c80000)
  from space 19456K, 99% used [0x00000000ea480000,0x00000000eb77db40,0x00000000eb780000)
  to   space 24576K, 0% used [0x00000000e8c80000,0x00000000e8c80000,0x00000000ea480000)
 ParOldGen       total 141824K, used 24260K [0x0000000080000000, 0x0000000088a80000, 0x00000000d5580000)
  object space 141824K, 17% used [0x0000000080000000,0x00000000817b1058,0x0000000088a80000)
 Metaspace       used 56535K, capacity 58988K, committed 59160K, reserved 1099776K
  class space    used 7706K, capacity 8255K, committed 8368K, reserved 1048576K
}
Event: 5.428 GC heap before
{Heap before GC invocations=11 (full 3):
 PSYoungGen      total 337920K, used 19446K [0x00000000d5580000, 0x00000000ebe80000, 0x0000000100000000)
  eden space 318464K, 0% used [0x00000000d5580000,0x00000000d5580000,0x00000000e8c80000)
  from space 19456K, 99% used [0x00000000ea480000,0x00000000eb77db40,0x00000000eb780000)
  to   space 24576K, 0% used [0x00000000e8c80000,0x00000000e8c80000,0x00000000ea480000)
 ParOldGen       total 141824K, used 24260K [0x0000000080000000, 0x0000000088a80000, 0x00000000d5580000)
  object space 141824K, 17% used [0x0000000080000000,0x00000000817b1058,0x0000000088a80000)
 Metaspace       used 56535K, capacity 58988K, committed 59160K, reserved 1099776K
  class space    used 7706K, capacity 8255K, committed 8368K, reserved 1048576K

