# JRE version: OpenJDK Runtime Environment (8.0_242-b01) (build 1.8.0_242-release-1644-b01)
# Java VM: OpenJDK 64-Bit Server VM (25.242-b01 mixed mode windows-amd64 compressed oops)
Heap:
 PSYoungGen      total 234496K, used 99908K [0x00000000d5580000, 0x00000000ebe00000, 0x0000000100000000)
  eden space 220160K, 38% used [0x00000000d5580000,0x00000000da913ac0,0x00000000e2c80000)
  from space 14336K, 99% used [0x00000000e2c80000,0x00000000e3a7d590,0x00000000e3a80000)
  to   space 19968K, 0% used [0x00000000eaa80000,0x00000000eaa80000,0x00000000ebe00000)
 ParOldGen       total 141312K, used 22489K [0x0000000080000000, 0x0000000088a00000, 0x00000000d5580000)
  object space 141312K, 15% used [0x0000000080000000,0x00000000815f6580,0x0000000088a00000)
 Metaspace       used 52751K, capacity 55130K, committed 55512K, reserved 1097728K
  class space    used 7084K, capacity 7587K, committed 7680K, reserved 1048576K
GC Heap History (10 events):
Event: 2.253 GC heap before
{Heap before GC invocations=5 (full 1):
 PSYoungGen      total 140800K, used 7413K [0x00000000d5580000, 0x00000000de980000, 0x0000000100000000)
  eden space 130048K, 0% used [0x00000000d5580000,0x00000000d5580000,0x00000000dd480000)
  from space 10752K, 68% used [0x00000000ddf00000,0x00000000de63d4d8,0x00000000de980000)
  to   space 10752K, 0% used [0x00000000dd480000,0x00000000dd480000,0x00000000ddf00000)
 ParOldGen       total 173568K, used 926K [0x0000000080000000, 0x000000008a980000, 0x00000000d5580000)
  object space 173568K, 0% used [0x0000000080000000,0x00000000800e78e8,0x000000008a980000)
 Metaspace       used 20496K, capacity 21214K, committed 21248K, reserved 1067008K
  class space    used 2858K, capacity 3039K, committed 3072K, reserved 1048576K
Event: 2.279 GC heap after
Heap after GC invocations=5 (full 1):
 PSYoungGen      total 140800K, used 0K [0x00000000d5580000, 0x00000000de980000, 0x0000000100000000)
  eden space 130048K, 0% used [0x00000000d5580000,0x00000000d5580000,0x00000000dd480000)
  from space 10752K, 0% used [0x00000000ddf00000,0x00000000ddf00000,0x00000000de980000)
  to   space 10752K, 0% used [0x00000000dd480000,0x00000000dd480000,0x00000000ddf00000)
 ParOldGen       total 92160K, used 7168K [0x0000000080000000, 0x0000000085a00000, 0x00000000d5580000)
  object space 92160K, 7% used [0x0000000080000000,0x0000000080700180,0x0000000085a00000)
 Metaspace       used 20496K, capacity 21214K, committed 21248K, reserved 1067008K
  class space    used 2858K, capacity 3039K, committed 3072K, reserved 1048576K
}
Event: 3.173 GC heap before
{Heap before GC invocations=6 (full 1):
 PSYoungGen      total 140800K, used 130048K [0x00000000d5580000, 0x00000000de980000, 0x0000000100000000)
  eden space 130048K, 100% used [0x00000000d5580000,0x00000000dd480000,0x00000000dd480000)
  from space 10752K, 0% used [0x00000000ddf00000,0x00000000ddf00000,0x00000000de980000)
  to   space 10752K, 0% used [0x00000000dd480000,0x00000000dd480000,0x00000000ddf00000)
 ParOldGen       total 92160K, used 7168K [0x0000000080000000, 0x0000000085a00000, 0x00000000d5580000)
  object space 92160K, 7% used [0x0000000080000000,0x0000000080700180,0x0000000085a00000)
 Metaspace       used 32569K, capacity 33758K, committed 34048K, reserved 1079296K
  class space    used 4413K, capacity 4742K, committed 4864K, reserved 1048576K
Event: 3.185 GC heap after
Heap after GC invocations=6 (full 1):
 PSYoungGen      total 140800K, used 10738K [0x00000000d5580000, 0x00000000e4980000, 0x0000000100000000)
  eden space 130048K, 0% used [0x00000000d5580000,0x00000000d5580000,0x00000000dd480000)
  from space 10752K, 99% used [0x00000000dd480000,0x00000000ddefcb20,0x00000000ddf00000)
  to   space 15360K, 0% used [0x00000000e3a80000,0x00000000e3a80000,0x00000000e4980000)
 ParOldGen       total 92160K, used 9706K [0x0000000080000000, 0x0000000085a00000, 0x00000000d5580000)
  object space 92160K, 10% used [0x0000000080000000,0x000000008097a980,0x0000000085a00000)
 Metaspace       used 32569K, capacity 33758K, committed 34048K, reserved 1079296K
  class space    used 4413K, capacity 4742K, committed 4864K, reserved 1048576K
}
Event: 3.457 GC heap before
{Heap before GC invocations=7 (full 1):
 PSYoungGen      total 140800K, used 45609K [0x00000000d5580000, 0x00000000e4980000, 0x0000000100000000)
  eden space 130048K, 26% used [0x00000000d5580000,0x00000000d778d9d8,0x00000000dd480000)
  from space 10752K, 99% used [0x00000000dd480000,0x00000000ddefcb20,0x00000000ddf00000)
  to   space 15360K, 0% used [0x00000000e3a80000,0x00000000e3a80000,0x00000000e4980000)
 ParOldGen       total 92160K, used 9706K [0x0000000080000000, 0x0000000085a00000, 0x00000000d5580000)
  object space 92160K, 10% used [0x0000000080000000,0x000000008097a980,0x0000000085a00000)
 Metaspace       used 34054K, capacity 35402K, committed 35416K, reserved 1079296K
  class space    used 4608K, capacity 4980K, committed 4992K, reserved 1048576K
Event: 3.465 GC heap after
Heap after GC invocations=7 (full 1):
 PSYoungGen      total 234496K, used 8652K [0x00000000d5580000, 0x00000000e4880000, 0x0000000100000000)
  eden space 220160K, 0% used [0x00000000d5580000,0x00000000d5580000,0x00000000e2c80000)
  from space 14336K, 60% used [0x00000000e3a80000,0x00000000e42f32c8,0x00000000e4880000)
  to   space 14336K, 0% used [0x00000000e2c80000,0x00000000e2c80000,0x00000000e3a80000)
 ParOldGen       total 92160K, used 9714K [0x0000000080000000, 0x0000000085a00000, 0x00000000d5580000)
  object space 92160K, 10% used [0x0000000080000000,0x000000008097c980,0x0000000085a00000)
 Metaspace       used 34054K, capacity 35402K, committed 35416K, reserved 1079296K
  class space    used 4608K, capacity 4980K, committed 4992K, reserved 1048576K
}
Event: 3.465 GC heap before
{Heap before GC invocations=8 (full 2):
 PSYoungGen      total 234496K, used 8652K [0x00000000d5580000, 0x00000000e4880000, 0x0000000100000000)
  eden space 220160K, 0% used [0x00000000d5580000,0x00000000d5580000,0x00000000e2c80000)
  from space 14336K, 60% used [0x00000000e3a80000,0x00000000e42f32c8,0x00000000e4880000)
  to   space 14336K, 0% used [0x00000000e2c80000,0x00000000e2c80000,0x00000000e3a80000)
 ParOldGen       total 92160K, used 9714K [0x0000000080000000, 0x0000000085a00000, 0x00000000d5580000)
  object space 92160K, 10% used [0x0000000080000000,0x000000008097c980,0x0000000085a00000)
 Metaspace       used 34054K, capacity 35402K, committed 35416K, reserved 1079296K
  class space    used 4608K, capacity 4980K, committed 4992K, reserved 1048576K
Event: 3.506 GC heap after
Heap after GC invocations=8 (full 2):
 PSYoungGen      total 234496K, used 0K [0x00000000d5580000, 0x00000000e4880000, 0x0000000100000000)
  eden space 220160K, 0% used [0x00000000d5580000,0x00000000d5580000,0x00000000e2c80000)
  from space 14336K, 0% used [0x00000000e3a80000,0x00000000e3a80000,0x00000000e4880000)
  to   space 14336K, 0% used [0x00000000e2c80000,0x00000000e2c80000,0x00000000e3a80000)
 ParOldGen       total 141312K, used 15158K [0x0000000080000000, 0x0000000088a00000, 0x00000000d5580000)
  object space 141312K, 10% used [0x0000000080000000,0x0000000080ecd8d0,0x0000000088a00000)
 Metaspace       used 34054K, capacity 35402K, committed 35416K, reserved 1079296K
  class space    used 4608K, capacity 4980K, committed 4992K, reserved 1048576K
}
Event: 4.817 GC heap before
{Heap before GC invocations=9 (full 2):
 PSYoungGen      total 234496K, used 220160K [0x00000000d5580000, 0x00000000e4880000, 0x0000000100000000)
  eden space 220160K, 100% used [0x00000000d5580000,0x00000000e2c80000,0x00000000e2c80000)
  from space 14336K, 0% used [0x00000000e3a80000,0x00000000e3a80000,0x00000000e4880000)
  to   space 14336K, 0% used [0x00000000e2c80000,0x00000000e2c80000,0x00000000e3a80000)
 ParOldGen       total 141312K, used 15158K [0x0000000080000000, 0x0000000088a00000, 0x00000000d5580000)
  object space 141312K, 10% used [0x0000000080000000,0x0000000080ecd8d0,0x0000000088a00000)
 Metaspace       used 46650K, capacity 48828K, committed 49112K, reserved 1091584K
  class space    used 6331K, capacity 6818K, committed 6912K, reserved 1048576K
Event: 4.834 GC heap after
Heap after GC invocations=9 (full 2):
 PSYoungGen      total 234496K, used 14325K [0x00000000d5580000, 0x00000000ebe00000, 0x0000000100000000)
  eden space 220160K, 0% used [0x00000000d5580000,0x00000000d5580000,0x00000000e2c80000)
  from space 14336K, 99% used [0x00000000e2c80000,0x00000000e3a7d590,0x00000000e3a80000)
  to   space 19968K, 0% used [0x00000000eaa80000,0x00000000eaa80000,0x00000000ebe00000)
 ParOldGen       total 141312K, used 22489K [0x0000000080000000, 0x0000000088a00000, 0x00000000d5580000)
  object space 141312K, 15% used [0x0000000080000000,0x00000000815f6580,0x0000000088a00000)
 Metaspace       used 46650K, capacity 48828K, committed 49112K, reserved 1091584K
  class space    used 6331K, capacity 6818K, committed 6912K, reserved 1048576K
}

