# JRE version: OpenJDK Runtime Environment (8.0_242-b01) (build 1.8.0_242-release-1644-b01)
# Java VM: OpenJDK 64-Bit Server VM (25.242-b01 mixed mode windows-amd64 compressed oops)
Heap:
 PSYoungGen      total 338432K, used 18418K [0x00000000d5580000, 0x00000000ebf80000, 0x0000000100000000)
  eden space 320000K, 0% used [0x00000000d5580000,0x00000000d5580000,0x00000000e8e00000)
  from space 18432K, 99% used [0x00000000ea580000,0x00000000eb77ca50,0x00000000eb780000)
  to   space 24064K, 0% used [0x00000000e8e00000,0x00000000e8e00000,0x00000000ea580000)
 ParOldGen       total 142336K, used 23866K [0x0000000080000000, 0x0000000088b00000, 0x00000000d5580000)
  object space 142336K, 16% used [0x0000000080000000,0x000000008174e9c0,0x0000000088b00000)
 Metaspace       used 56710K, capacity 59022K, committed 59160K, reserved 1099776K
  class space    used 7774K, capacity 8252K, committed 8368K, reserved 1048576K
GC Heap History (10 events):
Event: 3.080 GC heap after
Heap after GC invocations=6 (full 1):
 PSYoungGen      total 140800K, used 10728K [0x00000000d5580000, 0x00000000e4700000, 0x0000000100000000)
  eden space 130048K, 0% used [0x00000000d5580000,0x00000000d5580000,0x00000000dd480000)
  from space 10752K, 99% used [0x00000000dd480000,0x00000000ddefa300,0x00000000ddf00000)
  to   space 15872K, 0% used [0x00000000e3780000,0x00000000e3780000,0x00000000e4700000)
 ParOldGen       total 93696K, used 10596K [0x0000000080000000, 0x0000000085b80000, 0x00000000d5580000)
  object space 93696K, 11% used [0x0000000080000000,0x0000000080a59128,0x0000000085b80000)
 Metaspace       used 32739K, capacity 33780K, committed 33968K, reserved 1079296K
  class space    used 4477K, capacity 4750K, committed 4784K, reserved 1048576K
}
Event: 3.239 GC heap before
{Heap before GC invocations=7 (full 1):
 PSYoungGen      total 140800K, used 42121K [0x00000000d5580000, 0x00000000e4700000, 0x0000000100000000)
  eden space 130048K, 24% used [0x00000000d5580000,0x00000000d74282f0,0x00000000dd480000)
  from space 10752K, 99% used [0x00000000dd480000,0x00000000ddefa300,0x00000000ddf00000)
  to   space 15872K, 0% used [0x00000000e3780000,0x00000000e3780000,0x00000000e4700000)
 ParOldGen       total 93696K, used 10596K [0x0000000080000000, 0x0000000085b80000, 0x00000000d5580000)
  object space 93696K, 11% used [0x0000000080000000,0x0000000080a59128,0x0000000085b80000)
 Metaspace       used 34278K, capacity 35398K, committed 35496K, reserved 1079296K
  class space    used 4720K, capacity 5002K, committed 5040K, reserved 1048576K
Event: 3.247 GC heap after
Heap after GC invocations=7 (full 1):
 PSYoungGen      total 232448K, used 8250K [0x00000000d5580000, 0x00000000e4c00000, 0x0000000100000000)
  eden space 216576K, 0% used [0x00000000d5580000,0x00000000d5580000,0x00000000e2900000)
  from space 15872K, 51% used [0x00000000e3780000,0x00000000e3f8ebc8,0x00000000e4700000)
  to   space 14848K, 0% used [0x00000000e2900000,0x00000000e2900000,0x00000000e3780000)
 ParOldGen       total 93696K, used 10604K [0x0000000080000000, 0x0000000085b80000, 0x00000000d5580000)
  object space 93696K, 11% used [0x0000000080000000,0x0000000080a5b128,0x0000000085b80000)
 Metaspace       used 34278K, capacity 35398K, committed 35496K, reserved 1079296K
  class space    used 4720K, capacity 5002K, committed 5040K, reserved 1048576K
}
Event: 3.247 GC heap before
{Heap before GC invocations=8 (full 2):
 PSYoungGen      total 232448K, used 8250K [0x00000000d5580000, 0x00000000e4c00000, 0x0000000100000000)
  eden space 216576K, 0% used [0x00000000d5580000,0x00000000d5580000,0x00000000e2900000)
  from space 15872K, 51% used [0x00000000e3780000,0x00000000e3f8ebc8,0x00000000e4700000)
  to   space 14848K, 0% used [0x00000000e2900000,0x00000000e2900000,0x00000000e3780000)
 ParOldGen       total 93696K, used 10604K [0x0000000080000000, 0x0000000085b80000, 0x00000000d5580000)
  object space 93696K, 11% used [0x0000000080000000,0x0000000080a5b128,0x0000000085b80000)
 Metaspace       used 34278K, capacity 35398K, committed 35496K, reserved 1079296K
  class space    used 4720K, capacity 5002K, committed 5040K, reserved 1048576K
Event: 3.286 GC heap after
Heap after GC invocations=8 (full 2):
 PSYoungGen      total 232448K, used 0K [0x00000000d5580000, 0x00000000e4c00000, 0x0000000100000000)
  eden space 216576K, 0% used [0x00000000d5580000,0x00000000d5580000,0x00000000e2900000)
  from space 15872K, 0% used [0x00000000e3780000,0x00000000e3780000,0x00000000e4700000)
  to   space 14848K, 0% used [0x00000000e2900000,0x00000000e2900000,0x00000000e3780000)
 ParOldGen       total 142336K, used 14642K [0x0000000080000000, 0x0000000088b00000, 0x00000000d5580000)
  object space 142336K, 10% used [0x0000000080000000,0x0000000080e4c9f0,0x0000000088b00000)
 Metaspace       used 34278K, capacity 35398K, committed 35496K, reserved 1079296K
  class space    used 4720K, capacity 5002K, committed 5040K, reserved 1048576K
}
Event: 4.372 GC heap before
{Heap before GC invocations=9 (full 2):
 PSYoungGen      total 232448K, used 216576K [0x00000000d5580000, 0x00000000e4c00000, 0x0000000100000000)
  eden space 216576K, 100% used [0x00000000d5580000,0x00000000e2900000,0x00000000e2900000)
  from space 15872K, 0% used [0x00000000e3780000,0x00000000e3780000,0x00000000e4700000)
  to   space 14848K, 0% used [0x00000000e2900000,0x00000000e2900000,0x00000000e3780000)
 ParOldGen       total 142336K, used 14642K [0x0000000080000000, 0x0000000088b00000, 0x00000000d5580000)
  object space 142336K, 10% used [0x0000000080000000,0x0000000080e4c9f0,0x0000000088b00000)
 Metaspace       used 45479K, capacity 47348K, committed 47528K, reserved 1089536K
  class space    used 6166K, capacity 6560K, committed 6576K, reserved 1048576K
Event: 4.385 GC heap after
Heap after GC invocations=9 (full 2):
 PSYoungGen      total 231424K, used 14833K [0x00000000d5580000, 0x00000000eb780000, 0x0000000100000000)
  eden space 216576K, 0% used [0x00000000d5580000,0x00000000d5580000,0x00000000e2900000)
  from space 14848K, 99% used [0x00000000e2900000,0x00000000e377c6d0,0x00000000e3780000)
  to   space 18432K, 0% used [0x00000000ea580000,0x00000000ea580000,0x00000000eb780000)
 ParOldGen       total 142336K, used 17115K [0x0000000080000000, 0x0000000088b00000, 0x00000000d5580000)
  object space 142336K, 12% used [0x0000000080000000,0x00000000810b6d18,0x0000000088b00000)
 Metaspace       used 45479K, capacity 47348K, committed 47528K, reserved 1089536K
  class space    used 6166K, capacity 6560K, committed 6576K, reserved 1048576K
}
Event: 5.463 GC heap before
{Heap before GC invocations=10 (full 2):
 PSYoungGen      total 231424K, used 154298K [0x00000000d5580000, 0x00000000eb780000, 0x0000000100000000)
  eden space 216576K, 64% used [0x00000000d5580000,0x00000000dddb2258,0x00000000e2900000)
  from space 14848K, 99% used [0x00000000e2900000,0x00000000e377c6d0,0x00000000e3780000)
  to   space 18432K, 0% used [0x00000000ea580000,0x00000000ea580000,0x00000000eb780000)
 ParOldGen       total 142336K, used 17115K [0x0000000080000000, 0x0000000088b00000, 0x00000000d5580000)
  object space 142336K, 12% used [0x0000000080000000,0x00000000810b6d18,0x0000000088b00000)
 Metaspace       used 56710K, capacity 59022K, committed 59160K, reserved 1099776K
  class space    used 7774K, capacity 8252K, committed 8368K, reserved 1048576K
Event: 5.482 GC heap after
Heap after GC invocations=10 (full 2):
 PSYoungGen      total 338432K, used 18418K [0x00000000d5580000, 0x00000000ebf80000, 0x0000000100000000)
  eden space 320000K, 0% used [0x00000000d5580000,0x00000000d5580000,0x00000000e8e00000)
  from space 18432K, 99% used [0x00000000ea580000,0x00000000eb77ca50,0x00000000eb780000)
  to   space 24064K, 0% used [0x00000000e8e00000,0x00000000e8e00000,0x00000000ea580000)
 ParOldGen       total 142336K, used 23866K [0x0000000080000000, 0x0000000088b00000, 0x00000000d5580000)
  object space 142336K, 16% used [0x0000000080000000,0x000000008174e9c0,0x0000000088b00000)
 Metaspace       used 56710K, capacity 59022K, committed 59160K, reserved 1099776K
  class space    used 7774K, capacity 8252K, committed 8368K, reserved 1048576K
}
Event: 5.482 GC heap before
{Heap before GC invocations=11 (full 3):
 PSYoungGen      total 338432K, used 18418K [0x00000000d5580000, 0x00000000ebf80000, 0x0000000100000000)
  eden space 320000K, 0% used [0x00000000d5580000,0x00000000d5580000,0x00000000e8e00000)
  from space 18432K, 99% used [0x00000000ea580000,0x00000000eb77ca50,0x00000000eb780000)
  to   space 24064K, 0% used [0x00000000e8e00000,0x00000000e8e00000,0x00000000ea580000)
 ParOldGen       total 142336K, used 23866K [0x0000000080000000, 0x0000000088b00000, 0x00000000d5580000)
  object space 142336K, 16% used [0x0000000080000000,0x000000008174e9c0,0x0000000088b00000)
 Metaspace       used 56710K, capacity 59022K, committed 59160K, reserved 1099776K
  class space    used 7774K, capacity 8252K, committed 8368K, reserved 1048576K

