# JRE version: OpenJDK Runtime Environment (8.0_242-b01) (build 1.8.0_242-release-1644-b01)
# Java VM: OpenJDK 64-Bit Server VM (25.242-b01 mixed mode windows-amd64 compressed oops)
Heap:
 PSYoungGen      total 578048K, used 68529K [0x00000000d5580000, 0x0000000100000000, 0x0000000100000000)
  eden space 462336K, 0% used [0x00000000d5580000,0x00000000d5580000,0x00000000f1900000)
  from space 115712K, 59% used [0x00000000f8f00000,0x00000000fd1ec7c0,0x0000000100000000)
  to   space 118272K, 0% used [0x00000000f1900000,0x00000000f1900000,0x00000000f8c80000)
 ParOldGen       total 373248K, used 346433K [0x0000000080000000, 0x0000000096c80000, 0x00000000d5580000)
  object space 373248K, 92% used [0x0000000080000000,0x00000000952504b8,0x0000000096c80000)
 Metaspace       used 146709K, capacity 153498K, committed 153776K, reserved 1183744K
  class space    used 18139K, capacity 19552K, committed 19632K, reserved 1048576K
GC Heap History (10 events):
Event: 236.710 GC heap after
Heap after GC invocations=26 (full 4):
 PSYoungGen      total 645120K, used 34192K [0x00000000d5580000, 0x0000000100000000, 0x0000000100000000)
  eden space 598528K, 0% used [0x00000000d5580000,0x00000000d5580000,0x00000000f9e00000)
  from space 46592K, 73% used [0x00000000fd280000,0x00000000ff3e4048,0x0000000100000000)
  to   space 50176K, 0% used [0x00000000f9e00000,0x00000000f9e00000,0x00000000fcf00000)
 ParOldGen       total 373248K, used 115514K [0x0000000080000000, 0x0000000096c80000, 0x00000000d5580000)
  object space 373248K, 30% used [0x0000000080000000,0x00000000870cea90,0x0000000096c80000)
 Metaspace       used 102091K, capacity 106718K, committed 108976K, reserved 1144832K
  class space    used 13062K, capacity 13924K, committed 14512K, reserved 1048576K
}
Event: 293.015 GC heap before
{Heap before GC invocations=27 (full 4):
 PSYoungGen      total 645120K, used 632720K [0x00000000d5580000, 0x0000000100000000, 0x0000000100000000)
  eden space 598528K, 100% used [0x00000000d5580000,0x00000000f9e00000,0x00000000f9e00000)
  from space 46592K, 73% used [0x00000000fd280000,0x00000000ff3e4048,0x0000000100000000)
  to   space 50176K, 0% used [0x00000000f9e00000,0x00000000f9e00000,0x00000000fcf00000)
 ParOldGen       total 373248K, used 115514K [0x0000000080000000, 0x0000000096c80000, 0x00000000d5580000)
  object space 373248K, 30% used [0x0000000080000000,0x00000000870cea90,0x0000000096c80000)
 Metaspace       used 118966K, capacity 124508K, committed 125104K, reserved 1157120K
  class space    used 15159K, capacity 16252K, committed 16560K, reserved 1048576K
Event: 293.073 GC heap after
Heap after GC invocations=27 (full 4):
 PSYoungGen      total 648704K, used 50151K [0x00000000d5580000, 0x0000000100000000, 0x0000000100000000)
  eden space 598528K, 0% used [0x00000000d5580000,0x00000000d5580000,0x00000000f9e00000)
  from space 50176K, 99% used [0x00000000f9e00000,0x00000000fcef9d50,0x00000000fcf00000)
  to   space 50176K, 0% used [0x00000000fcf00000,0x00000000fcf00000,0x0000000100000000)
 ParOldGen       total 373248K, used 153188K [0x0000000080000000, 0x0000000096c80000, 0x00000000d5580000)
  object space 373248K, 41% used [0x0000000080000000,0x0000000089599198,0x0000000096c80000)
 Metaspace       used 118966K, capacity 124508K, committed 125104K, reserved 1157120K
  class space    used 15159K, capacity 16252K, committed 16560K, reserved 1048576K
}
Event: 420.428 GC heap before
{Heap before GC invocations=28 (full 4):
 PSYoungGen      total 648704K, used 648679K [0x00000000d5580000, 0x0000000100000000, 0x0000000100000000)
  eden space 598528K, 100% used [0x00000000d5580000,0x00000000f9e00000,0x00000000f9e00000)
  from space 50176K, 99% used [0x00000000f9e00000,0x00000000fcef9d50,0x00000000fcf00000)
  to   space 50176K, 0% used [0x00000000fcf00000,0x00000000fcf00000,0x0000000100000000)
 ParOldGen       total 373248K, used 153188K [0x0000000080000000, 0x0000000096c80000, 0x00000000d5580000)
  object space 373248K, 41% used [0x0000000080000000,0x0000000089599198,0x0000000096c80000)
 Metaspace       used 131313K, capacity 137490K, committed 137904K, reserved 1169408K
  class space    used 16469K, capacity 17716K, committed 17840K, reserved 1048576K
Event: 420.515 GC heap after
Heap after GC invocations=28 (full 4):
 PSYoungGen      total 536064K, used 50159K [0x00000000d5580000, 0x0000000100000000, 0x0000000100000000)
  eden space 485888K, 0% used [0x00000000d5580000,0x00000000d5580000,0x00000000f3000000)
  from space 50176K, 99% used [0x00000000fcf00000,0x00000000ffffbc08,0x0000000100000000)
  to   space 106496K, 0% used [0x00000000f3000000,0x00000000f3000000,0x00000000f9800000)
 ParOldGen       total 373248K, used 234071K [0x0000000080000000, 0x0000000096c80000, 0x00000000d5580000)
  object space 373248K, 62% used [0x0000000080000000,0x000000008e495dd8,0x0000000096c80000)
 Metaspace       used 131313K, capacity 137490K, committed 137904K, reserved 1169408K
  class space    used 16469K, capacity 17716K, committed 17840K, reserved 1048576K
}
Event: 522.280 GC heap before
{Heap before GC invocations=29 (full 4):
 PSYoungGen      total 536064K, used 535945K [0x00000000d5580000, 0x0000000100000000, 0x0000000100000000)
  eden space 485888K, 99% used [0x00000000d5580000,0x00000000f2fe6b28,0x00000000f3000000)
  from space 50176K, 99% used [0x00000000fcf00000,0x00000000ffffbc08,0x0000000100000000)
  to   space 106496K, 0% used [0x00000000f3000000,0x00000000f3000000,0x00000000f9800000)
 ParOldGen       total 373248K, used 234071K [0x0000000080000000, 0x0000000096c80000, 0x00000000d5580000)
  object space 373248K, 62% used [0x0000000080000000,0x000000008e495dd8,0x0000000096c80000)
 Metaspace       used 140862K, capacity 147294K, committed 147632K, reserved 1177600K
  class space    used 17484K, capacity 18800K, committed 18864K, reserved 1048576K
Event: 522.356 GC heap after
Heap after GC invocations=29 (full 4):
 PSYoungGen      total 567296K, used 81055K [0x00000000d5580000, 0x0000000100000000, 0x0000000100000000)
  eden space 485888K, 0% used [0x00000000d5580000,0x00000000d5580000,0x00000000f3000000)
  from space 81408K, 99% used [0x00000000f3000000,0x00000000f7f27e38,0x00000000f7f80000)
  to   space 115712K, 0% used [0x00000000f8f00000,0x00000000f8f00000,0x0000000100000000)
 ParOldGen       total 373248K, used 281003K [0x0000000080000000, 0x0000000096c80000, 0x00000000d5580000)
  object space 373248K, 75% used [0x0000000080000000,0x000000009126ac70,0x0000000096c80000)
 Metaspace       used 140862K, capacity 147294K, committed 147632K, reserved 1177600K
  class space    used 17484K, capacity 18800K, committed 18864K, reserved 1048576K
}
Event: 744.902 GC heap before
{Heap before GC invocations=30 (full 4):
 PSYoungGen      total 567296K, used 566943K [0x00000000d5580000, 0x0000000100000000, 0x0000000100000000)
  eden space 485888K, 100% used [0x00000000d5580000,0x00000000f3000000,0x00000000f3000000)
  from space 81408K, 99% used [0x00000000f3000000,0x00000000f7f27e38,0x00000000f7f80000)
  to   space 115712K, 0% used [0x00000000f8f00000,0x00000000f8f00000,0x0000000100000000)
 ParOldGen       total 373248K, used 281003K [0x0000000080000000, 0x0000000096c80000, 0x00000000d5580000)
  object space 373248K, 75% used [0x0000000080000000,0x000000009126ac70,0x0000000096c80000)
 Metaspace       used 146709K, capacity 153498K, committed 153776K, reserved 1183744K
  class space    used 18139K, capacity 19552K, committed 19632K, reserved 1048576K
Event: 744.997 GC heap after
Heap after GC invocations=30 (full 4):
 PSYoungGen      total 578048K, used 68529K [0x00000000d5580000, 0x0000000100000000, 0x0000000100000000)
  eden space 462336K, 0% used [0x00000000d5580000,0x00000000d5580000,0x00000000f1900000)
  from space 115712K, 59% used [0x00000000f8f00000,0x00000000fd1ec7c0,0x0000000100000000)
  to   space 118272K, 0% used [0x00000000f1900000,0x00000000f1900000,0x00000000f8c80000)
 ParOldGen       total 373248K, used 346433K [0x0000000080000000, 0x0000000096c80000, 0x00000000d5580000)
  object space 373248K, 92% used [0x0000000080000000,0x00000000952504b8,0x0000000096c80000)
 Metaspace       used 146709K, capacity 153498K, committed 153776K, reserved 1183744K
  class space    used 18139K, capacity 19552K, committed 19632K, reserved 1048576K
}
Event: 744.997 GC heap before
{Heap before GC invocations=31 (full 5):
 PSYoungGen      total 578048K, used 68529K [0x00000000d5580000, 0x0000000100000000, 0x0000000100000000)
  eden space 462336K, 0% used [0x00000000d5580000,0x00000000d5580000,0x00000000f1900000)
  from space 115712K, 59% used [0x00000000f8f00000,0x00000000fd1ec7c0,0x0000000100000000)
  to   space 118272K, 0% used [0x00000000f1900000,0x00000000f1900000,0x00000000f8c80000)
 ParOldGen       total 373248K, used 346433K [0x0000000080000000, 0x0000000096c80000, 0x00000000d5580000)
  object space 373248K, 92% used [0x0000000080000000,0x00000000952504b8,0x0000000096c80000)
 Metaspace       used 146709K, capacity 153498K, committed 153776K, reserved 1183744K
  class space    used 18139K, capacity 19552K, committed 19632K, reserved 1048576K

