# JRE version: OpenJDK Runtime Environment (8.0_242-b01) (build 1.8.0_242-release-1644-b01)
# Java VM: OpenJDK 64-Bit Server VM (25.242-b01 mixed mode windows-amd64 compressed oops)
Heap:
 PSYoungGen      total 326144K, used 306688K [0x00000000d5580000, 0x00000000eb200000, 0x0000000100000000)
  eden space 306688K, 100% used [0x00000000d5580000,0x00000000e8100000,0x00000000e8100000)
  from space 19456K, 0% used [0x00000000e9900000,0x00000000e9900000,0x00000000eac00000)
  to   space 24576K, 60% used [0x00000000e8100000,0x00000000e8fa0c00,0x00000000e9900000)
 ParOldGen       total 227840K, used 37047K [0x0000000080000000, 0x000000008de80000, 0x00000000d5580000)
  object space 227840K, 16% used [0x0000000080000000,0x000000008242dd80,0x000000008de80000)
 Metaspace       used 65690K, capacity 69258K, committed 69400K, reserved 1110016K
  class space    used 9060K, capacity 9722K, committed 9776K, reserved 1048576K
GC Heap History (10 events):
Event: 3.139 GC heap after
Heap after GC invocations=7 (full 1):
 PSYoungGen      total 226304K, used 8351K [0x00000000d5580000, 0x00000000e4280000, 0x0000000100000000)
  eden space 210432K, 0% used [0x00000000d5580000,0x00000000d5580000,0x00000000e2300000)
  from space 15872K, 52% used [0x00000000e3180000,0x00000000e39a7ef0,0x00000000e4100000)
  to   space 14848K, 0% used [0x00000000e2300000,0x00000000e2300000,0x00000000e3180000)
 ParOldGen       total 96768K, used 10534K [0x0000000080000000, 0x0000000085e80000, 0x00000000d5580000)
  object space 96768K, 10% used [0x0000000080000000,0x0000000080a49890,0x0000000085e80000)
 Metaspace       used 34345K, capacity 35404K, committed 35496K, reserved 1079296K
  class space    used 4732K, capacity 5003K, committed 5040K, reserved 1048576K
}
Event: 3.139 GC heap before
{Heap before GC invocations=8 (full 2):
 PSYoungGen      total 226304K, used 8351K [0x00000000d5580000, 0x00000000e4280000, 0x0000000100000000)
  eden space 210432K, 0% used [0x00000000d5580000,0x00000000d5580000,0x00000000e2300000)
  from space 15872K, 52% used [0x00000000e3180000,0x00000000e39a7ef0,0x00000000e4100000)
  to   space 14848K, 0% used [0x00000000e2300000,0x00000000e2300000,0x00000000e3180000)
 ParOldGen       total 96768K, used 10534K [0x0000000080000000, 0x0000000085e80000, 0x00000000d5580000)
  object space 96768K, 10% used [0x0000000080000000,0x0000000080a49890,0x0000000085e80000)
 Metaspace       used 34345K, capacity 35404K, committed 35496K, reserved 1079296K
  class space    used 4732K, capacity 5003K, committed 5040K, reserved 1048576K
Event: 3.178 GC heap after
Heap after GC invocations=8 (full 2):
 PSYoungGen      total 226304K, used 0K [0x00000000d5580000, 0x00000000e4280000, 0x0000000100000000)
  eden space 210432K, 0% used [0x00000000d5580000,0x00000000d5580000,0x00000000e2300000)
  from space 15872K, 0% used [0x00000000e3180000,0x00000000e3180000,0x00000000e4100000)
  to   space 14848K, 0% used [0x00000000e2300000,0x00000000e2300000,0x00000000e3180000)
 ParOldGen       total 149504K, used 14765K [0x0000000080000000, 0x0000000089200000, 0x00000000d5580000)
  object space 149504K, 9% used [0x0000000080000000,0x0000000080e6b508,0x0000000089200000)
 Metaspace       used 34345K, capacity 35404K, committed 35496K, reserved 1079296K
  class space    used 4732K, capacity 5003K, committed 5040K, reserved 1048576K
}
Event: 4.380 GC heap before
{Heap before GC invocations=9 (full 2):
 PSYoungGen      total 226304K, used 210432K [0x00000000d5580000, 0x00000000e4280000, 0x0000000100000000)
  eden space 210432K, 100% used [0x00000000d5580000,0x00000000e2300000,0x00000000e2300000)
  from space 15872K, 0% used [0x00000000e3180000,0x00000000e3180000,0x00000000e4100000)
  to   space 14848K, 0% used [0x00000000e2300000,0x00000000e2300000,0x00000000e3180000)
 ParOldGen       total 149504K, used 14765K [0x0000000080000000, 0x0000000089200000, 0x00000000d5580000)
  object space 149504K, 9% used [0x0000000080000000,0x0000000080e6b508,0x0000000089200000)
 Metaspace       used 45376K, capacity 47112K, committed 47272K, reserved 1089536K
  class space    used 6142K, capacity 6514K, committed 6576K, reserved 1048576K
Event: 4.396 GC heap after
Heap after GC invocations=9 (full 2):
 PSYoungGen      total 225280K, used 14843K [0x00000000d5580000, 0x00000000eac00000, 0x0000000100000000)
  eden space 210432K, 0% used [0x00000000d5580000,0x00000000d5580000,0x00000000e2300000)
  from space 14848K, 99% used [0x00000000e2300000,0x00000000e317ed20,0x00000000e3180000)
  to   space 19456K, 0% used [0x00000000e9900000,0x00000000e9900000,0x00000000eac00000)
 ParOldGen       total 149504K, used 19579K [0x0000000080000000, 0x0000000089200000, 0x00000000d5580000)
  object space 149504K, 13% used [0x0000000080000000,0x000000008131ee50,0x0000000089200000)
 Metaspace       used 45376K, capacity 47112K, committed 47272K, reserved 1089536K
  class space    used 6142K, capacity 6514K, committed 6576K, reserved 1048576K
}
Event: 5.561 GC heap before
{Heap before GC invocations=10 (full 2):
 PSYoungGen      total 225280K, used 149994K [0x00000000d5580000, 0x00000000eac00000, 0x0000000100000000)
  eden space 210432K, 64% used [0x00000000d5580000,0x00000000dd97bec8,0x00000000e2300000)
  from space 14848K, 99% used [0x00000000e2300000,0x00000000e317ed20,0x00000000e3180000)
  to   space 19456K, 0% used [0x00000000e9900000,0x00000000e9900000,0x00000000eac00000)
 ParOldGen       total 149504K, used 19579K [0x0000000080000000, 0x0000000089200000, 0x00000000d5580000)
  object space 149504K, 13% used [0x0000000080000000,0x000000008131ee50,0x0000000089200000)
 Metaspace       used 56731K, capacity 59068K, committed 59160K, reserved 1099776K
  class space    used 7767K, capacity 8239K, committed 8240K, reserved 1048576K
Event: 5.579 GC heap after
Heap after GC invocations=10 (full 2):
 PSYoungGen      total 326144K, used 19440K [0x00000000d5580000, 0x00000000eb200000, 0x0000000100000000)
  eden space 306688K, 0% used [0x00000000d5580000,0x00000000d5580000,0x00000000e8100000)
  from space 19456K, 99% used [0x00000000e9900000,0x00000000eabfc130,0x00000000eac00000)
  to   space 24576K, 0% used [0x00000000e8100000,0x00000000e8100000,0x00000000e9900000)
 ParOldGen       total 149504K, used 25410K [0x0000000080000000, 0x0000000089200000, 0x00000000d5580000)
  object space 149504K, 16% used [0x0000000080000000,0x00000000818d08d0,0x0000000089200000)
 Metaspace       used 56731K, capacity 59068K, committed 59160K, reserved 1099776K
  class space    used 7767K, capacity 8239K, committed 8240K, reserved 1048576K
}
Event: 5.579 GC heap before
{Heap before GC invocations=11 (full 3):
 PSYoungGen      total 326144K, used 19440K [0x00000000d5580000, 0x00000000eb200000, 0x0000000100000000)
  eden space 306688K, 0% used [0x00000000d5580000,0x00000000d5580000,0x00000000e8100000)
  from space 19456K, 99% used [0x00000000e9900000,0x00000000eabfc130,0x00000000eac00000)
  to   space 24576K, 0% used [0x00000000e8100000,0x00000000e8100000,0x00000000e9900000)
 ParOldGen       total 149504K, used 25410K [0x0000000080000000, 0x0000000089200000, 0x00000000d5580000)
  object space 149504K, 16% used [0x0000000080000000,0x00000000818d08d0,0x0000000089200000)
 Metaspace       used 56731K, capacity 59068K, committed 59160K, reserved 1099776K
  class space    used 7767K, capacity 8239K, committed 8240K, reserved 1048576K
Event: 5.756 GC heap after
Heap after GC invocations=11 (full 3):
 PSYoungGen      total 326144K, used 0K [0x00000000d5580000, 0x00000000eb200000, 0x0000000100000000)
  eden space 306688K, 0% used [0x00000000d5580000,0x00000000d5580000,0x00000000e8100000)
  from space 19456K, 0% used [0x00000000e9900000,0x00000000e9900000,0x00000000eac00000)
  to   space 24576K, 0% used [0x00000000e8100000,0x00000000e8100000,0x00000000e9900000)
 ParOldGen       total 227840K, used 37039K [0x0000000080000000, 0x000000008de80000, 0x00000000d5580000)
  object space 227840K, 16% used [0x0000000080000000,0x000000008242bd80,0x000000008de80000)
 Metaspace       used 56710K, capacity 58996K, committed 59160K, reserved 1099776K
  class space    used 7760K, capacity 8227K, committed 8240K, reserved 1048576K
}
Event: 7.908 GC heap before
{Heap before GC invocations=12 (full 3):
 PSYoungGen      total 326144K, used 306688K [0x00000000d5580000, 0x00000000eb200000, 0x0000000100000000)
  eden space 306688K, 100% used [0x00000000d5580000,0x00000000e8100000,0x00000000e8100000)
  from space 19456K, 0% used [0x00000000e9900000,0x00000000e9900000,0x00000000eac00000)
  to   space 24576K, 0% used [0x00000000e8100000,0x00000000e8100000,0x00000000e9900000)
 ParOldGen       total 227840K, used 37039K [0x0000000080000000, 0x000000008de80000, 0x00000000d5580000)
  object space 227840K, 16% used [0x0000000080000000,0x000000008242bd80,0x000000008de80000)
 Metaspace       used 65690K, capacity 69258K, committed 69400K, reserved 1110016K
  class space    used 9060K, capacity 9722K, committed 9776K, reserved 1048576K

