# JRE version: OpenJDK Runtime Environment (8.0_242-b01) (build 1.8.0_242-release-1644-b01)
# Java VM: OpenJDK 64-Bit Server VM (25.242-b01 mixed mode windows-amd64 compressed oops)
Heap:
 PSYoungGen      total 233472K, used 147097K [0x00000000d5580000, 0x00000000ebb00000, 0x0000000100000000)
  eden space 218112K, 60% used [0x00000000d5580000,0x00000000dd629910,0x00000000e2a80000)
  from space 15360K, 99% used [0x00000000e2a80000,0x00000000e397cec0,0x00000000e3980000)
  to   space 18432K, 91% used [0x00000000ea900000,0x00000000eb98b310,0x00000000ebb00000)
 ParOldGen       total 140288K, used 16721K [0x0000000080000000, 0x0000000088900000, 0x00000000d5580000)
  object space 140288K, 11% used [0x0000000080000000,0x0000000081054468,0x0000000088900000)
 Metaspace       used 56648K, capacity 59008K, committed 59160K, reserved 1099776K
  class space    used 7757K, capacity 8247K, committed 8368K, reserved 1048576K
GC Heap History (10 events):
Event: 2.062 GC heap after
Heap after GC invocations=5 (full 1):
 PSYoungGen      total 140800K, used 0K [0x00000000d5580000, 0x00000000de980000, 0x0000000100000000)
  eden space 130048K, 0% used [0x00000000d5580000,0x00000000d5580000,0x00000000dd480000)
  from space 10752K, 0% used [0x00000000ddf00000,0x00000000ddf00000,0x00000000de980000)
  to   space 10752K, 0% used [0x00000000dd480000,0x00000000dd480000,0x00000000ddf00000)
 ParOldGen       total 92672K, used 7228K [0x0000000080000000, 0x0000000085a80000, 0x00000000d5580000)
  object space 92672K, 7% used [0x0000000080000000,0x000000008070f170,0x0000000085a80000)
 Metaspace       used 20586K, capacity 21224K, committed 21296K, reserved 1067008K
  class space    used 2878K, capacity 3076K, committed 3120K, reserved 1048576K
}
Event: 2.911 GC heap before
{Heap before GC invocations=6 (full 1):
 PSYoungGen      total 140800K, used 130048K [0x00000000d5580000, 0x00000000de980000, 0x0000000100000000)
  eden space 130048K, 100% used [0x00000000d5580000,0x00000000dd480000,0x00000000dd480000)
  from space 10752K, 0% used [0x00000000ddf00000,0x00000000ddf00000,0x00000000de980000)
  to   space 10752K, 0% used [0x00000000dd480000,0x00000000dd480000,0x00000000ddf00000)
 ParOldGen       total 92672K, used 7228K [0x0000000080000000, 0x0000000085a80000, 0x00000000d5580000)
  object space 92672K, 7% used [0x0000000080000000,0x000000008070f170,0x0000000085a80000)
 Metaspace       used 32740K, capacity 33706K, committed 33968K, reserved 1079296K
  class space    used 4474K, capacity 4719K, committed 4784K, reserved 1048576K
Event: 2.921 GC heap after
Heap after GC invocations=6 (full 1):
 PSYoungGen      total 140800K, used 10721K [0x00000000d5580000, 0x00000000e4900000, 0x0000000100000000)
  eden space 130048K, 0% used [0x00000000d5580000,0x00000000d5580000,0x00000000dd480000)
  from space 10752K, 99% used [0x00000000dd480000,0x00000000ddef86a0,0x00000000ddf00000)
  to   space 15872K, 0% used [0x00000000e3980000,0x00000000e3980000,0x00000000e4900000)
 ParOldGen       total 92672K, used 10606K [0x0000000080000000, 0x0000000085a80000, 0x00000000d5580000)
  object space 92672K, 11% used [0x0000000080000000,0x0000000080a5b828,0x0000000085a80000)
 Metaspace       used 32740K, capacity 33706K, committed 33968K, reserved 1079296K
  class space    used 4474K, capacity 4719K, committed 4784K, reserved 1048576K
}
Event: 3.126 GC heap before
{Heap before GC invocations=7 (full 1):
 PSYoungGen      total 140800K, used 42383K [0x00000000d5580000, 0x00000000e4900000, 0x0000000100000000)
  eden space 130048K, 24% used [0x00000000d5580000,0x00000000d746b890,0x00000000dd480000)
  from space 10752K, 99% used [0x00000000dd480000,0x00000000ddef86a0,0x00000000ddf00000)
  to   space 15872K, 0% used [0x00000000e3980000,0x00000000e3980000,0x00000000e4900000)
 ParOldGen       total 92672K, used 10606K [0x0000000080000000, 0x0000000085a80000, 0x00000000d5580000)
  object space 92672K, 11% used [0x0000000080000000,0x0000000080a5b828,0x0000000085a80000)
 Metaspace       used 34333K, capacity 35420K, committed 35496K, reserved 1079296K
  class space    used 4726K, capacity 5003K, committed 5040K, reserved 1048576K
Event: 3.134 GC heap after
Heap after GC invocations=7 (full 1):
 PSYoungGen      total 233984K, used 8319K [0x00000000d5580000, 0x00000000e4b00000, 0x0000000100000000)
  eden space 218112K, 0% used [0x00000000d5580000,0x00000000d5580000,0x00000000e2a80000)
  from space 15872K, 52% used [0x00000000e3980000,0x00000000e419fd30,0x00000000e4900000)
  to   space 15360K, 0% used [0x00000000e2a80000,0x00000000e2a80000,0x00000000e3980000)
 ParOldGen       total 92672K, used 10614K [0x0000000080000000, 0x0000000085a80000, 0x00000000d5580000)
  object space 92672K, 11% used [0x0000000080000000,0x0000000080a5d828,0x0000000085a80000)
 Metaspace       used 34333K, capacity 35420K, committed 35496K, reserved 1079296K
  class space    used 4726K, capacity 5003K, committed 5040K, reserved 1048576K
}
Event: 3.134 GC heap before
{Heap before GC invocations=8 (full 2):
 PSYoungGen      total 233984K, used 8319K [0x00000000d5580000, 0x00000000e4b00000, 0x0000000100000000)
  eden space 218112K, 0% used [0x00000000d5580000,0x00000000d5580000,0x00000000e2a80000)
  from space 15872K, 52% used [0x00000000e3980000,0x00000000e419fd30,0x00000000e4900000)
  to   space 15360K, 0% used [0x00000000e2a80000,0x00000000e2a80000,0x00000000e3980000)
 ParOldGen       total 92672K, used 10614K [0x0000000080000000, 0x0000000085a80000, 0x00000000d5580000)
  object space 92672K, 11% used [0x0000000080000000,0x0000000080a5d828,0x0000000085a80000)
 Metaspace       used 34333K, capacity 35420K, committed 35496K, reserved 1079296K
  class space    used 4726K, capacity 5003K, committed 5040K, reserved 1048576K
Event: 3.171 GC heap after
Heap after GC invocations=8 (full 2):
 PSYoungGen      total 233984K, used 0K [0x00000000d5580000, 0x00000000e4b00000, 0x0000000100000000)
  eden space 218112K, 0% used [0x00000000d5580000,0x00000000d5580000,0x00000000e2a80000)
  from space 15872K, 0% used [0x00000000e3980000,0x00000000e3980000,0x00000000e4900000)
  to   space 15360K, 0% used [0x00000000e2a80000,0x00000000e2a80000,0x00000000e3980000)
 ParOldGen       total 140288K, used 14722K [0x0000000080000000, 0x0000000088900000, 0x00000000d5580000)
  object space 140288K, 10% used [0x0000000080000000,0x0000000080e60a00,0x0000000088900000)
 Metaspace       used 34333K, capacity 35420K, committed 35496K, reserved 1079296K
  class space    used 4726K, capacity 5003K, committed 5040K, reserved 1048576K
}
Event: 4.308 GC heap before
{Heap before GC invocations=9 (full 2):
 PSYoungGen      total 233984K, used 218112K [0x00000000d5580000, 0x00000000e4b00000, 0x0000000100000000)
  eden space 218112K, 100% used [0x00000000d5580000,0x00000000e2a80000,0x00000000e2a80000)
  from space 15872K, 0% used [0x00000000e3980000,0x00000000e3980000,0x00000000e4900000)
  to   space 15360K, 0% used [0x00000000e2a80000,0x00000000e2a80000,0x00000000e3980000)
 ParOldGen       total 140288K, used 14722K [0x0000000080000000, 0x0000000088900000, 0x00000000d5580000)
  object space 140288K, 10% used [0x0000000080000000,0x0000000080e60a00,0x0000000088900000)
 Metaspace       used 45612K, capacity 47466K, committed 47784K, reserved 1091584K
  class space    used 6175K, capacity 6555K, committed 6576K, reserved 1048576K
Event: 4.322 GC heap after
Heap after GC invocations=9 (full 2):
 PSYoungGen      total 233472K, used 15347K [0x00000000d5580000, 0x00000000ebb00000, 0x0000000100000000)
  eden space 218112K, 0% used [0x00000000d5580000,0x00000000d5580000,0x00000000e2a80000)
  from space 15360K, 99% used [0x00000000e2a80000,0x00000000e397cec0,0x00000000e3980000)
  to   space 18432K, 0% used [0x00000000ea900000,0x00000000ea900000,0x00000000ebb00000)
 ParOldGen       total 140288K, used 16649K [0x0000000080000000, 0x0000000088900000, 0x00000000d5580000)
  object space 140288K, 11% used [0x0000000080000000,0x0000000081042458,0x0000000088900000)
 Metaspace       used 45612K, capacity 47466K, committed 47784K, reserved 1091584K
  class space    used 6175K, capacity 6555K, committed 6576K, reserved 1048576K
}
Event: 5.429 GC heap before
{Heap before GC invocations=10 (full 2):
 PSYoungGen      total 233472K, used 147097K [0x00000000d5580000, 0x00000000ebb00000, 0x0000000100000000)
  eden space 218112K, 60% used [0x00000000d5580000,0x00000000dd629910,0x00000000e2a80000)
  from space 15360K, 99% used [0x00000000e2a80000,0x00000000e397cec0,0x00000000e3980000)
  to   space 18432K, 0% used [0x00000000ea900000,0x00000000ea900000,0x00000000ebb00000)
 ParOldGen       total 140288K, used 16649K [0x0000000080000000, 0x0000000088900000, 0x00000000d5580000)
  object space 140288K, 11% used [0x0000000080000000,0x0000000081042458,0x0000000088900000)
 Metaspace       used 56648K, capacity 59008K, committed 59160K, reserved 1099776K
  class space    used 7757K, capacity 8247K, committed 8368K, reserved 1048576K

